<?xml version="1.0" encoding="UTF-8"?>
<!-- Generated by org.testng.reporters.JUnitReportReporter -->
<testsuite hostname="VE23082022-J38H" failures="0" tests="1" name="day1.HTTPRequests" time="2.120" errors="0" timestamp="2024-12-11T11:25:07 IST" skipped="0">
  <testcase classname="day1.HTTPRequests" name="getCreateUser" time="2.120"/>
  <system-out/>
</testsuite> <!-- day1.HTTPRequests -->
