<?xml version="1.0" encoding="UTF-8"?>
<!-- Generated by org.testng.reporters.JUnitReportReporter -->
<testsuite hostname="VE23082022-J38H" failures="0" tests="12" name="api.TestCases.UserTestDD" time="14.914" errors="0" timestamp="2024-12-20T15:01:26 IST" skipped="0">
  <testcase classname="api.TestCases.UserTestDD" name="testCreateUser" time="1.143"/>
  <system-out/>
  <testcase classname="api.TestCases.UserTestDD" name="testCreateUser" time="1.143"/>
  <system-out/>
  <testcase classname="api.TestCases.UserTestDD" name="testCreateUser" time="2.443"/>
  <system-out/>
  <testcase classname="api.TestCases.UserTestDD" name="testCreateUser" time="1.142"/>
  <system-out/>
  <testcase classname="api.TestCases.UserTestDD" name="testGetUserData" time="1.129"/>
  <system-out/>
  <testcase classname="api.TestCases.UserTestDD" name="testGetUserData" time="1.117"/>
  <system-out/>
  <testcase classname="api.TestCases.UserTestDD" name="testGetUserData" time="1.143"/>
  <system-out/>
  <testcase classname="api.TestCases.UserTestDD" name="testGetUserData" time="1.172"/>
  <system-out/>
  <testcase classname="api.TestCases.UserTestDD" name="testDeleteUser" time="1.114"/>
  <system-out/>
  <testcase classname="api.TestCases.UserTestDD" name="testDeleteUser" time="1.125"/>
  <system-out/>
  <testcase classname="api.TestCases.UserTestDD" name="testDeleteUser" time="1.131"/>
  <system-out/>
  <testcase classname="api.TestCases.UserTestDD" name="testDeleteUser" time="1.112"/>
  <system-out/>
</testsuite> <!-- api.TestCases.UserTestDD -->
