<?xml version="1.0" encoding="UTF-8"?>
<!-- Generated by org.testng.reporters.JUnitReportReporter -->
<testsuite hostname="VE23082022-J38H" failures="0" tests="4" name="api.TestCases.UserTest2" time="6.805" errors="0" timestamp="2024-12-20T18:08:12 IST" skipped="0">
  <testcase classname="api.TestCases.UserTest2" name="testCreateUser" time="2.280"/>
  <system-out/>
  <testcase classname="api.TestCases.UserTest2" name="testGetUserData" time="1.156"/>
  <system-out/>
  <testcase classname="api.TestCases.UserTest2" name="testUpdateUser" time="2.240"/>
  <system-out/>
  <testcase classname="api.TestCases.UserTest2" name="testDeleteUser" time="1.129"/>
  <system-out/>
</testsuite> <!-- api.TestCases.UserTest2 -->
