<?xml version="1.0" encoding="UTF-8"?>
<!-- Generated by org.testng.reporters.JUnitReportReporter -->
<testsuite hostname="VE23082022-J38H" failures="0" tests="4" name="api.TestCases.UserTest" time="8.120" errors="0" timestamp="2024-12-19T16:48:29 IST" skipped="0">
  <testcase classname="api.TestCases.UserTest" name="testCreateUser" time="2.531"/>
  <system-out/>
  <testcase classname="api.TestCases.UserTest" name="testGetUserData" time="1.429"/>
  <system-out/>
  <testcase classname="api.TestCases.UserTest" name="testUpdateUser" time="2.788"/>
  <system-out/>
  <testcase classname="api.TestCases.UserTest" name="testDeleteUser" time="1.372"/>
  <system-out/>
</testsuite> <!-- api.TestCases.UserTest -->
