<?xml version="1.0" encoding="UTF-8"?>
<!-- Generated by org.testng.reporters.JUnitReportReporter -->
<testsuite hostname="VE23082022-J38H" failures="0" tests="4" name="api.TestCases.UserTest" time="5.727" errors="0" timestamp="2024-12-20T15:01:26 IST" skipped="0">
  <testcase classname="api.TestCases.UserTest" name="testCreateUser" time="1.158"/>
  <system-out/>
  <testcase classname="api.TestCases.UserTest" name="testGetUserData" time="1.142"/>
  <system-out/>
  <testcase classname="api.TestCases.UserTest" name="testUpdateUser" time="2.291"/>
  <system-out/>
  <testcase classname="api.TestCases.UserTest" name="testDeleteUser" time="1.136"/>
  <system-out/>
</testsuite> <!-- api.TestCases.UserTest -->
