<?xml version="1.0" encoding="UTF-8"?>
<!-- Generated by org.testng.reporters.JUnitReportReporter -->
<testsuite hostname="DESKTOP-PPODBDV" failures="0" tests="4" name="api.TestCases.UserTest" time="11.774" errors="0" timestamp="2024-12-23T09:12:46 IST" skipped="0">
  <testcase classname="api.TestCases.UserTest" name="testCreateUser" time="5.526"/>
  <system-out/>
  <testcase classname="api.TestCases.UserTest" name="testGetUserData" time="1.616"/>
  <system-out/>
  <testcase classname="api.TestCases.UserTest" name="testUpdateUser" time="3.192"/>
  <system-out/>
  <testcase classname="api.TestCases.UserTest" name="testDeleteUser" time="1.440"/>
  <system-out/>
</testsuite> <!-- api.TestCases.UserTest -->
